<?xml version="1.0" encoding="UTF-8"?>
<!-- Generated by org.testng.reporters.JUnitXMLReporter -->
<testsuite hostname="Zkapadia-LT" ignored="0" name="RestAPITest" tests="6" failures="0" timestamp="2020-07-27T17:34:46 EDT" time="3.028" errors="0">
  <testcase name="checkResponseBody" time="0.027" classname="api_tests.GET_Request"/>
  <testcase name="checkResponseTime" time="0.006" classname="api_tests.GET_Request"/>
  <testcase name="checkSessionId" time="0.003" classname="api_tests.GET_Request"/>
  <testcase name="checkStatusCode" time="0.006" classname="api_tests.GET_Request"/>
  <testcase name="getAllHeaders" time="0.004" classname="api_tests.GET_Request"/>
  <testcase name="sendPost" time="0.371" classname="api_tests.POST_request"/>
</testsuite> <!-- RestAPITest -->
