<?xml version="1.0" encoding="UTF-8"?>
<!-- Generated by org.testng.reporters.JUnitXMLReporter -->
<testsuite hostname="Zkapadia-LT" ignored="0" name="Default test" tests="5" failures="0" timestamp="2020-07-30T13:23:32 EDT" time="2.66" errors="0">
  <testcase name="checkResponseBody" time="0.045" classname="api_tests.GET_Request"/>
  <testcase name="checkResponseTime" time="0.011" classname="api_tests.GET_Request"/>
  <testcase name="checkSessionId" time="0.006" classname="api_tests.GET_Request"/>
  <testcase name="checkStatusCode" time="0.002" classname="api_tests.GET_Request"/>
  <testcase name="getAllHeaders" time="0.004" classname="api_tests.GET_Request"/>
</testsuite> <!-- Default test -->
